[ 2018-03-14T11:15:31+08:00 ] ::1 /Grade_Serching_System/__public__/css/index.css
INFO: [ app_init ] --START--
INFO: Run Behavior\BuildLiteBehavior [ RunTime:0.000032s ]
INFO: [ app_init ] --END-- [ RunTime:0.000197s ]
ERR: 无法加载模块:Grade_Serching_System

[ 2018-03-14T11:18:21+08:00 ] ::1 /Grade_Serching_System/index.php/__MODULE__/Manager/index.html
INFO: [ app_init ] --START--
INFO: Run Behavior\BuildLiteBehavior [ RunTime:0.000009s ]
INFO: [ app_init ] --END-- [ RunTime:0.000043s ]
ERR: 无法加载模块:__MODULE__

[ 2018-03-14T11:20:32+08:00 ] ::1 /Grade_Serching_System/index.php/__MODULE__/Manager/index.html
INFO: [ app_init ] --START--
INFO: Run Behavior\BuildLiteBehavior [ RunTime:0.000015s ]
INFO: [ app_init ] --END-- [ RunTime:0.000064s ]
ERR: 无法加载模块:__MODULE__

[ 2018-03-14T11:20:56+08:00 ] ::1 /Grade_Serching_System/index.php/__MODULE__/Manager/index.html
INFO: [ app_init ] --START--
INFO: Run Behavior\BuildLiteBehavior [ RunTime:0.000009s ]
INFO: [ app_init ] --END-- [ RunTime:0.000044s ]
ERR: 无法加载模块:__MODULE__

[ 2018-03-14T11:21:36+08:00 ] ::1 /Grade_Serching_System/index.php/__MODULE__/Manager/index.html
INFO: [ app_init ] --START--
INFO: Run Behavior\BuildLiteBehavior [ RunTime:0.000014s ]
INFO: [ app_init ] --END-- [ RunTime:0.000050s ]
ERR: 无法加载模块:__MODULE__

[ 2018-03-14T11:27:15+08:00 ] ::1 /Grade_Serching_System/index.php/View/Teacher/index.html
INFO: [ app_init ] --START--
INFO: Run Behavior\BuildLiteBehavior [ RunTime:0.000008s ]
INFO: [ app_init ] --END-- [ RunTime:0.000043s ]
ERR: 无法加载模块:View

[ 2018-03-14T11:28:08+08:00 ] ::1 /Grade_Serching_System/index.php/Application/Admin/View/Teacher/index.html
INFO: [ app_init ] --START--
INFO: Run Behavior\BuildLiteBehavior [ RunTime:0.000010s ]
INFO: [ app_init ] --END-- [ RunTime:0.000048s ]
ERR: 无法加载模块:Application

[ 2018-03-14T11:28:14+08:00 ] ::1 /Grade_Serching_System/index.php/Application/Admin/View/Teacher/index.html
INFO: [ app_init ] --START--
INFO: Run Behavior\BuildLiteBehavior [ RunTime:0.000009s ]
INFO: [ app_init ] --END-- [ RunTime:0.000045s ]
ERR: 无法加载模块:Application

[ 2018-03-14T11:29:03+08:00 ] ::1 /Grade_Serching_System/index.php/Application/Admin/View/Teacher/index.html
INFO: [ app_init ] --START--
INFO: Run Behavior\BuildLiteBehavior [ RunTime:0.000009s ]
INFO: [ app_init ] --END-- [ RunTime:0.000046s ]
ERR: 无法加载模块:Application

[ 2018-03-14T11:38:28+08:00 ] ::1 /Grade_Serching_System/__public__/css/index.css
INFO: [ app_init ] --START--
INFO: Run Behavior\BuildLiteBehavior [ RunTime:0.000011s ]
INFO: [ app_init ] --END-- [ RunTime:0.000047s ]
ERR: 无法加载模块:Grade_Serching_System

[ 2018-03-14T11:38:35+08:00 ] ::1 /Grade_Serching_System/index.php/__MODULE__/Teacher/index.html
INFO: [ app_init ] --START--
INFO: Run Behavior\BuildLiteBehavior [ RunTime:0.000010s ]
INFO: [ app_init ] --END-- [ RunTime:0.000043s ]
ERR: 无法加载模块:__MODULE__

[ 2018-03-14T11:41:36+08:00 ] ::1 /Grade_Serching_System/index.php/__MODULE__/Teacher/index.html
INFO: [ app_init ] --START--
INFO: Run Behavior\BuildLiteBehavior [ RunTime:0.000011s ]
INFO: [ app_init ] --END-- [ RunTime:0.000046s ]
ERR: 无法加载模块:__MODULE__

[ 2018-03-14T11:44:02+08:00 ] ::1 /Grade_Serching_System/index.php/__MODULE__/manager/index.html
INFO: [ app_init ] --START--
INFO: Run Behavior\BuildLiteBehavior [ RunTime:0.000010s ]
INFO: [ app_init ] --END-- [ RunTime:0.000045s ]
ERR: 无法加载模块:__MODULE__

[ 2018-03-14T11:44:37+08:00 ] ::1 /Grade_Serching_System/index.php/__MODULE__/manager/index.html
INFO: [ app_init ] --START--
INFO: Run Behavior\BuildLiteBehavior [ RunTime:0.000010s ]
INFO: [ app_init ] --END-- [ RunTime:0.000045s ]
ERR: 无法加载模块:__MODULE__

[ 2018-03-14T11:44:43+08:00 ] ::1 /Grade_Serching_System/index.php/__MODULE__/student/index.html
INFO: [ app_init ] --START--
INFO: Run Behavior\BuildLiteBehavior [ RunTime:0.000009s ]
INFO: [ app_init ] --END-- [ RunTime:0.000044s ]
ERR: 无法加载模块:__MODULE__

[ 2018-03-14T11:45:07+08:00 ] ::1 /Grade_Serching_System/index.php/__MODULE__/student/index.html
INFO: [ app_init ] --START--
INFO: Run Behavior\BuildLiteBehavior [ RunTime:0.000010s ]
INFO: [ app_init ] --END-- [ RunTime:0.000045s ]
ERR: 无法加载模块:__MODULE__

[ 2018-03-14T15:09:02+08:00 ] ::1 /Grade_Serching_System/__public__/css/index.css
INFO: [ app_init ] --START--
INFO: Run Behavior\BuildLiteBehavior [ RunTime:0.000011s ]
INFO: [ app_init ] --END-- [ RunTime:0.000050s ]
ERR: 无法加载模块:Grade_Serching_System

[ 2018-03-14T15:09:06+08:00 ] ::1 /Grade_Serching_System/index.php/__MODULE__/Student/index.html
INFO: [ app_init ] --START--
INFO: Run Behavior\BuildLiteBehavior [ RunTime:0.000012s ]
INFO: [ app_init ] --END-- [ RunTime:0.000058s ]
ERR: 无法加载模块:__MODULE__

