[ 2018-03-14T11:15:31+08:00 ] ::1 /Grade_Serching_System/
INFO: [ app_init ] --START--
INFO: Run Behavior\BuildLiteBehavior [ RunTime:0.000015s ]
INFO: [ app_init ] --END-- [ RunTime:0.000542s ]
INFO: [ app_begin ] --START--
INFO: Run Behavior\ReadHtmlCacheBehavior [ RunTime:0.000818s ]
INFO: [ app_begin ] --END-- [ RunTime:0.000861s ]
INFO: [ view_parse ] --START--
INFO: [ template_filter ] --START--
INFO: Run Behavior\ContentReplaceBehavior [ RunTime:0.001049s ]
INFO: [ template_filter ] --END-- [ RunTime:0.001109s ]
INFO: Run Behavior\ParseTemplateBehavior [ RunTime:0.013989s ]
INFO: [ view_parse ] --END-- [ RunTime:0.014039s ]
INFO: [ view_filter ] --START--
INFO: Run Behavior\WriteHtmlCacheBehavior [ RunTime:0.000434s ]
INFO: [ view_filter ] --END-- [ RunTime:0.000461s ]
INFO: [ app_end ] --START--
INFO: Run Behavior\ShowPageTraceBehavior [ RunTime:0.000624s ]
INFO: [ app_end ] --END-- [ RunTime:0.000652s ]

[ 2018-03-14T11:15:35+08:00 ] ::1 /Grade_Serching_System/index.php/Admin/Index/checkLogin
INFO: [ app_init ] --START--
INFO: Run Behavior\BuildLiteBehavior [ RunTime:0.000009s ]
INFO: [ app_init ] --END-- [ RunTime:0.000044s ]
INFO: [ app_begin ] --START--
INFO: Run Behavior\ReadHtmlCacheBehavior [ RunTime:0.000483s ]
INFO: [ app_begin ] --END-- [ RunTime:0.000520s ]
SQL: SHOW COLUMNS FROM `think_manager` [ RunTime:0.0049s ]
SQL: SELECT * FROM `think_manager` WHERE `ManNo` = 'admin' AND `Pwd` = 'admin' LIMIT 1   [ RunTime:0.0003s ]
NOTIC: [8] Undefined index: Pwd D:\phpStudy\WWW\Grade_Serching_System\Application\Admin\Controller\IndexController.class.php 第 97 行.
INFO: [ view_parse ] --START--
INFO: [ template_filter ] --START--
INFO: Run Behavior\ContentReplaceBehavior [ RunTime:0.000029s ]
INFO: [ template_filter ] --END-- [ RunTime:0.000067s ]
INFO: Run Behavior\ParseTemplateBehavior [ RunTime:0.004914s ]
INFO: [ view_parse ] --END-- [ RunTime:0.004955s ]
INFO: [ view_filter ] --START--
INFO: Run Behavior\WriteHtmlCacheBehavior [ RunTime:0.000292s ]
INFO: [ view_filter ] --END-- [ RunTime:0.000320s ]

[ 2018-03-14T11:15:45+08:00 ] ::1 /Grade_Serching_System/index.php/Admin/Index/checkLogin
INFO: [ app_init ] --START--
INFO: Run Behavior\BuildLiteBehavior [ RunTime:0.000020s ]
INFO: [ app_init ] --END-- [ RunTime:0.000077s ]
INFO: [ app_begin ] --START--
INFO: Run Behavior\ReadHtmlCacheBehavior [ RunTime:0.000709s ]
INFO: [ app_begin ] --END-- [ RunTime:0.000757s ]
SQL: SHOW COLUMNS FROM `think_manager` [ RunTime:0.0049s ]
SQL: SELECT * FROM `think_manager` WHERE `ManNo` = 'admin' AND `Pwd` = 'admin' LIMIT 1   [ RunTime:0.0003s ]
NOTIC: [8] Undefined index: Pwd D:\phpStudy\WWW\Grade_Serching_System\Application\Admin\Controller\IndexController.class.php 第 97 行.
INFO: [ view_parse ] --START--
INFO: [ template_filter ] --START--
INFO: Run Behavior\ContentReplaceBehavior [ RunTime:0.000029s ]
INFO: [ template_filter ] --END-- [ RunTime:0.000062s ]
INFO: Run Behavior\ParseTemplateBehavior [ RunTime:0.005429s ]
INFO: [ view_parse ] --END-- [ RunTime:0.005467s ]
INFO: [ view_filter ] --START--
INFO: Run Behavior\WriteHtmlCacheBehavior [ RunTime:0.000441s ]
INFO: [ view_filter ] --END-- [ RunTime:0.000470s ]

[ 2018-03-14T11:16:39+08:00 ] ::1 /Grade_Serching_System/index.php/Admin/Index/checkLogin
INFO: [ app_init ] --START--
INFO: Run Behavior\BuildLiteBehavior [ RunTime:0.000011s ]
INFO: [ app_init ] --END-- [ RunTime:0.000050s ]
INFO: [ app_begin ] --START--
INFO: Run Behavior\ReadHtmlCacheBehavior [ RunTime:0.000805s ]
INFO: [ app_begin ] --END-- [ RunTime:0.000866s ]
SQL: SHOW COLUMNS FROM `think_manager` [ RunTime:0.0050s ]
SQL: SELECT * FROM `think_manager` WHERE `ManNo` = 'admin' AND `Pwd` = 'admin' LIMIT 1   [ RunTime:0.0003s ]
NOTIC: [8] Undefined index: Pwd D:\phpStudy\WWW\Grade_Serching_System\Application\Admin\Controller\IndexController.class.php 第 85 行.
INFO: [ view_parse ] --START--
INFO: [ template_filter ] --START--
INFO: Run Behavior\ContentReplaceBehavior [ RunTime:0.000038s ]
INFO: [ template_filter ] --END-- [ RunTime:0.000073s ]
INFO: Run Behavior\ParseTemplateBehavior [ RunTime:0.004673s ]
INFO: [ view_parse ] --END-- [ RunTime:0.004711s ]
INFO: [ view_filter ] --START--
INFO: Run Behavior\WriteHtmlCacheBehavior [ RunTime:0.000277s ]
INFO: [ view_filter ] --END-- [ RunTime:0.000302s ]

[ 2018-03-14T11:17:31+08:00 ] ::1 /Grade_Serching_System/index.php/Admin/Index/checkLogin
INFO: [ app_init ] --START--
INFO: Run Behavior\BuildLiteBehavior [ RunTime:0.000009s ]
INFO: [ app_init ] --END-- [ RunTime:0.000044s ]
INFO: [ app_begin ] --START--
INFO: Run Behavior\ReadHtmlCacheBehavior [ RunTime:0.000478s ]
INFO: [ app_begin ] --END-- [ RunTime:0.000516s ]
SQL: SHOW COLUMNS FROM `think_manager` [ RunTime:0.0138s ]
SQL: SELECT * FROM `think_manager` WHERE `ManNo` = 'admin' AND `Pwd` = 'admin' LIMIT 1   [ RunTime:0.0003s ]
NOTIC: [8] Undefined index: Pwd D:\phpStudy\WWW\Grade_Serching_System\Application\Admin\Controller\IndexController.class.php 第 97 行.
INFO: [ view_parse ] --START--
INFO: [ template_filter ] --START--
INFO: Run Behavior\ContentReplaceBehavior [ RunTime:0.000030s ]
INFO: [ template_filter ] --END-- [ RunTime:0.000072s ]
INFO: Run Behavior\ParseTemplateBehavior [ RunTime:0.005361s ]
INFO: [ view_parse ] --END-- [ RunTime:0.005408s ]
INFO: [ view_filter ] --START--
INFO: Run Behavior\WriteHtmlCacheBehavior [ RunTime:0.000337s ]
INFO: [ view_filter ] --END-- [ RunTime:0.000365s ]

[ 2018-03-14T11:17:39+08:00 ] ::1 /Grade_Serching_System/index.php/Admin/Index/checkLogin
INFO: [ app_init ] --START--
INFO: Run Behavior\BuildLiteBehavior [ RunTime:0.000011s ]
INFO: [ app_init ] --END-- [ RunTime:0.000046s ]
INFO: [ app_begin ] --START--
INFO: Run Behavior\ReadHtmlCacheBehavior [ RunTime:0.000485s ]
INFO: [ app_begin ] --END-- [ RunTime:0.000522s ]
INFO: [ view_parse ] --START--
INFO: [ template_filter ] --START--
INFO: Run Behavior\ContentReplaceBehavior [ RunTime:0.000028s ]
INFO: [ template_filter ] --END-- [ RunTime:0.000062s ]
INFO: Run Behavior\ParseTemplateBehavior [ RunTime:0.004746s ]
INFO: [ view_parse ] --END-- [ RunTime:0.004814s ]
INFO: [ view_filter ] --START--
INFO: Run Behavior\WriteHtmlCacheBehavior [ RunTime:0.000355s ]
INFO: [ view_filter ] --END-- [ RunTime:0.000383s ]

[ 2018-03-14T11:17:52+08:00 ] ::1 /Grade_Serching_System/index.php/Admin/Index/checkLogin
INFO: [ app_init ] --START--
INFO: Run Behavior\BuildLiteBehavior [ RunTime:0.000009s ]
INFO: [ app_init ] --END-- [ RunTime:0.000044s ]
INFO: [ app_begin ] --START--
INFO: Run Behavior\ReadHtmlCacheBehavior [ RunTime:0.000715s ]
INFO: [ app_begin ] --END-- [ RunTime:0.000755s ]
SQL: SHOW COLUMNS FROM `think_manager` [ RunTime:0.0062s ]
SQL: SELECT * FROM `think_manager` WHERE `ManNo` = 'admin' AND `Pwd` = 'admin' LIMIT 1   [ RunTime:0.0003s ]
NOTIC: [8] Undefined index: Pwd D:\phpStudy\WWW\Grade_Serching_System\Application\Admin\Controller\IndexController.class.php 第 96 行.
INFO: [ view_parse ] --START--
INFO: [ template_filter ] --START--
INFO: Run Behavior\ContentReplaceBehavior [ RunTime:0.000029s ]
INFO: [ template_filter ] --END-- [ RunTime:0.000067s ]
INFO: Run Behavior\ParseTemplateBehavior [ RunTime:0.006470s ]
INFO: [ view_parse ] --END-- [ RunTime:0.006509s ]
INFO: [ view_filter ] --START--
INFO: Run Behavior\WriteHtmlCacheBehavior [ RunTime:0.000418s ]
INFO: [ view_filter ] --END-- [ RunTime:0.000447s ]

[ 2018-03-14T11:18:20+08:00 ] ::1 /Grade_Serching_System/index.php/Admin/Index/checkLogin
INFO: [ app_init ] --START--
INFO: Run Behavior\BuildLiteBehavior [ RunTime:0.000012s ]
INFO: [ app_init ] --END-- [ RunTime:0.000059s ]
INFO: [ app_begin ] --START--
INFO: Run Behavior\ReadHtmlCacheBehavior [ RunTime:0.000499s ]
INFO: [ app_begin ] --END-- [ RunTime:0.000540s ]
SQL: SHOW COLUMNS FROM `think_manager` [ RunTime:0.0050s ]
SQL: SELECT * FROM `think_manager` WHERE `ManNo` = 'admin' AND `Pwd` = 'admin' LIMIT 1   [ RunTime:0.0003s ]
NOTIC: [8] Undefined index: manger D:\phpStudy\WWW\Grade_Serching_System\Application\Admin\Controller\IndexController.class.php 第 99 行.
NOTIC: [8] Undefined index: ManNo D:\phpStudy\WWW\Grade_Serching_System\Application\Admin\Controller\IndexController.class.php 第 100 行.
NOTIC: [8] Undefined index: ManName D:\phpStudy\WWW\Grade_Serching_System\Application\Admin\Controller\IndexController.class.php 第 101 行.
NOTIC: [8] Undefined index: Pwd D:\phpStudy\WWW\Grade_Serching_System\Application\Admin\Controller\IndexController.class.php 第 102 行.
INFO: [ view_parse ] --START--
INFO: [ template_filter ] --START--
INFO: Run Behavior\ContentReplaceBehavior [ RunTime:0.000029s ]
INFO: [ template_filter ] --END-- [ RunTime:0.000063s ]
INFO: Run Behavior\ParseTemplateBehavior [ RunTime:0.004555s ]
INFO: [ view_parse ] --END-- [ RunTime:0.004594s ]
INFO: [ view_filter ] --START--
INFO: Run Behavior\WriteHtmlCacheBehavior [ RunTime:0.000283s ]
INFO: [ view_filter ] --END-- [ RunTime:0.000309s ]
INFO: [ app_end ] --START--
INFO: Run Behavior\ShowPageTraceBehavior [ RunTime:0.000649s ]
INFO: [ app_end ] --END-- [ RunTime:0.000680s ]

[ 2018-03-14T11:21:40+08:00 ] ::1 /Grade_Serching_System/index.php/Admin/Index/checkLogin
INFO: [ app_init ] --START--
INFO: Run Behavior\BuildLiteBehavior [ RunTime:0.000012s ]
INFO: [ app_init ] --END-- [ RunTime:0.000054s ]
INFO: [ app_begin ] --START--
INFO: Run Behavior\ReadHtmlCacheBehavior [ RunTime:0.000689s ]
INFO: [ app_begin ] --END-- [ RunTime:0.000728s ]
SQL: SHOW COLUMNS FROM `think_manager` [ RunTime:0.0048s ]
SQL: SELECT * FROM `think_manager` WHERE `ManNo` = 'admin' AND `Pwd` = 'admin' LIMIT 1   [ RunTime:0.0003s ]
NOTIC: [8] Undefined index: manger D:\phpStudy\WWW\Grade_Serching_System\Application\Admin\Controller\IndexController.class.php 第 100 行.
NOTIC: [8] Undefined index: ManNo D:\phpStudy\WWW\Grade_Serching_System\Application\Admin\Controller\IndexController.class.php 第 101 行.
NOTIC: [8] Undefined index: ManName D:\phpStudy\WWW\Grade_Serching_System\Application\Admin\Controller\IndexController.class.php 第 102 行.
NOTIC: [8] Undefined index: Pwd D:\phpStudy\WWW\Grade_Serching_System\Application\Admin\Controller\IndexController.class.php 第 103 行.
INFO: [ view_parse ] --START--
INFO: [ template_filter ] --START--
INFO: Run Behavior\ContentReplaceBehavior [ RunTime:0.000028s ]
INFO: [ template_filter ] --END-- [ RunTime:0.000065s ]
INFO: Run Behavior\ParseTemplateBehavior [ RunTime:0.005356s ]
INFO: [ view_parse ] --END-- [ RunTime:0.005395s ]
INFO: [ view_filter ] --START--
INFO: Run Behavior\WriteHtmlCacheBehavior [ RunTime:0.000425s ]
INFO: [ view_filter ] --END-- [ RunTime:0.000453s ]
INFO: [ app_end ] --START--
INFO: Run Behavior\ShowPageTraceBehavior [ RunTime:0.000647s ]
INFO: [ app_end ] --END-- [ RunTime:0.000676s ]

[ 2018-03-14T11:21:41+08:00 ] ::1 /Grade_Serching_System/index.php/Admin/Index/Admin/View/Index.html
INFO: [ app_init ] --START--
INFO: Run Behavior\BuildLiteBehavior [ RunTime:0.000009s ]
INFO: [ app_init ] --END-- [ RunTime:0.000044s ]
INFO: [ app_begin ] --START--
INFO: Run Behavior\ReadHtmlCacheBehavior [ RunTime:0.000493s ]
INFO: [ app_begin ] --END-- [ RunTime:0.000528s ]
ERR: 非法操作:Admin

[ 2018-03-14T11:22:29+08:00 ] ::1 /Grade_Serching_System/index.php/Admin/Index/checkLogin
INFO: [ app_init ] --START--
INFO: Run Behavior\BuildLiteBehavior [ RunTime:0.000009s ]
INFO: [ app_init ] --END-- [ RunTime:0.000059s ]
INFO: [ app_begin ] --START--
INFO: Run Behavior\ReadHtmlCacheBehavior [ RunTime:0.000721s ]
INFO: [ app_begin ] --END-- [ RunTime:0.000760s ]
SQL: SHOW COLUMNS FROM `think_manager` [ RunTime:0.0124s ]
SQL: SELECT * FROM `think_manager` WHERE `ManNo` = 'admin' AND `Pwd` = 'admin' LIMIT 1   [ RunTime:0.0003s ]
NOTIC: [8] Undefined index: Pwd D:\phpStudy\WWW\Grade_Serching_System\Application\Admin\Controller\IndexController.class.php 第 97 行.
INFO: [ view_parse ] --START--
INFO: [ template_filter ] --START--
INFO: Run Behavior\ContentReplaceBehavior [ RunTime:0.000029s ]
INFO: [ template_filter ] --END-- [ RunTime:0.000069s ]
INFO: Run Behavior\ParseTemplateBehavior [ RunTime:0.006155s ]
INFO: [ view_parse ] --END-- [ RunTime:0.006192s ]
INFO: [ view_filter ] --START--
INFO: Run Behavior\WriteHtmlCacheBehavior [ RunTime:0.000435s ]
INFO: [ view_filter ] --END-- [ RunTime:0.000463s ]

[ 2018-03-14T11:22:36+08:00 ] ::1 /Grade_Serching_System/index.php/Admin/Index/checkLogin
INFO: [ app_init ] --START--
INFO: Run Behavior\BuildLiteBehavior [ RunTime:0.000010s ]
INFO: [ app_init ] --END-- [ RunTime:0.000046s ]
INFO: [ app_begin ] --START--
INFO: Run Behavior\ReadHtmlCacheBehavior [ RunTime:0.000478s ]
INFO: [ app_begin ] --END-- [ RunTime:0.000517s ]
SQL: SHOW COLUMNS FROM `think_manager` [ RunTime:0.0125s ]
SQL: SELECT * FROM `think_manager` WHERE `ManNo` = 'admin' AND `Pwd` = 'admin' LIMIT 1   [ RunTime:0.0003s ]
NOTIC: [8] Undefined index: Pwd D:\phpStudy\WWW\Grade_Serching_System\Application\Admin\Controller\IndexController.class.php 第 97 行.
INFO: [ view_parse ] --START--
INFO: [ template_filter ] --START--
INFO: Run Behavior\ContentReplaceBehavior [ RunTime:0.000028s ]
INFO: [ template_filter ] --END-- [ RunTime:0.000062s ]
INFO: Run Behavior\ParseTemplateBehavior [ RunTime:0.004447s ]
INFO: [ view_parse ] --END-- [ RunTime:0.004484s ]
INFO: [ view_filter ] --START--
INFO: Run Behavior\WriteHtmlCacheBehavior [ RunTime:0.000274s ]
INFO: [ view_filter ] --END-- [ RunTime:0.000303s ]

[ 2018-03-14T11:22:44+08:00 ] ::1 /Grade_Serching_System/index.php/Admin/Index/checkLogin
INFO: [ app_init ] --START--
INFO: Run Behavior\BuildLiteBehavior [ RunTime:0.000009s ]
INFO: [ app_init ] --END-- [ RunTime:0.000046s ]
INFO: [ app_begin ] --START--
INFO: Run Behavior\ReadHtmlCacheBehavior [ RunTime:0.000507s ]
INFO: [ app_begin ] --END-- [ RunTime:0.000552s ]
SQL: SHOW COLUMNS FROM `think_manager` [ RunTime:0.0067s ]
SQL: SELECT * FROM `think_manager` WHERE `ManNo` = 'admin' AND `Pwd` = 'admin' LIMIT 1   [ RunTime:0.0003s ]
NOTIC: [8] Undefined index: manger D:\phpStudy\WWW\Grade_Serching_System\Application\Admin\Controller\IndexController.class.php 第 100 行.
NOTIC: [8] Undefined index: ManNo D:\phpStudy\WWW\Grade_Serching_System\Application\Admin\Controller\IndexController.class.php 第 101 行.
NOTIC: [8] Undefined index: ManName D:\phpStudy\WWW\Grade_Serching_System\Application\Admin\Controller\IndexController.class.php 第 102 行.
NOTIC: [8] Undefined index: Pwd D:\phpStudy\WWW\Grade_Serching_System\Application\Admin\Controller\IndexController.class.php 第 103 行.
INFO: [ view_parse ] --START--
INFO: [ template_filter ] --START--
INFO: Run Behavior\ContentReplaceBehavior [ RunTime:0.000027s ]
INFO: [ template_filter ] --END-- [ RunTime:0.000070s ]
INFO: Run Behavior\ParseTemplateBehavior [ RunTime:0.004473s ]
INFO: [ view_parse ] --END-- [ RunTime:0.004509s ]
INFO: [ view_filter ] --START--
INFO: Run Behavior\WriteHtmlCacheBehavior [ RunTime:0.000282s ]
INFO: [ view_filter ] --END-- [ RunTime:0.000308s ]
INFO: [ app_end ] --START--
INFO: Run Behavior\ShowPageTraceBehavior [ RunTime:0.000651s ]
INFO: [ app_end ] --END-- [ RunTime:0.000680s ]

[ 2018-03-14T11:22:45+08:00 ] ::1 /Grade_Serching_System/index.php/Admin/Index/__MODULE__.html
INFO: [ app_init ] --START--
INFO: Run Behavior\BuildLiteBehavior [ RunTime:0.000009s ]
INFO: [ app_init ] --END-- [ RunTime:0.000044s ]
INFO: [ app_begin ] --START--
INFO: Run Behavior\ReadHtmlCacheBehavior [ RunTime:0.000476s ]
INFO: [ app_begin ] --END-- [ RunTime:0.000512s ]
ERR: 非法操作:__MODULE__

[ 2018-03-14T11:23:02+08:00 ] ::1 /Grade_Serching_System/index.php/Admin/Index/__MODULE__.html
INFO: [ app_init ] --START--
INFO: Run Behavior\BuildLiteBehavior [ RunTime:0.000011s ]
INFO: [ app_init ] --END-- [ RunTime:0.000047s ]
INFO: [ app_begin ] --START--
INFO: Run Behavior\ReadHtmlCacheBehavior [ RunTime:0.000479s ]
INFO: [ app_begin ] --END-- [ RunTime:0.000516s ]
ERR: 非法操作:__MODULE__

[ 2018-03-14T11:23:17+08:00 ] ::1 /Grade_Serching_System/index.php/Admin/Index/__MODULE__.html
INFO: [ app_init ] --START--
INFO: Run Behavior\BuildLiteBehavior [ RunTime:0.000015s ]
INFO: [ app_init ] --END-- [ RunTime:0.000088s ]
INFO: [ app_begin ] --START--
INFO: Run Behavior\ReadHtmlCacheBehavior [ RunTime:0.000574s ]
INFO: [ app_begin ] --END-- [ RunTime:0.000624s ]
ERR: 非法操作:__MODULE__

[ 2018-03-14T11:23:24+08:00 ] ::1 /Grade_Serching_System/index.php/Admin/Index/checkLogin
INFO: [ app_init ] --START--
INFO: Run Behavior\BuildLiteBehavior [ RunTime:0.000011s ]
INFO: [ app_init ] --END-- [ RunTime:0.000046s ]
INFO: [ app_begin ] --START--
INFO: Run Behavior\ReadHtmlCacheBehavior [ RunTime:0.000486s ]
INFO: [ app_begin ] --END-- [ RunTime:0.000524s ]
SQL: SHOW COLUMNS FROM `think_manager` [ RunTime:0.0056s ]
SQL: SELECT * FROM `think_manager` WHERE `ManNo` = '1' AND `Pwd` = '1' LIMIT 1   [ RunTime:0.0003s ]
INFO: [ view_parse ] --START--
INFO: [ template_filter ] --START--
INFO: Run Behavior\ContentReplaceBehavior [ RunTime:0.000030s ]
INFO: [ template_filter ] --END-- [ RunTime:0.000069s ]
INFO: Run Behavior\ParseTemplateBehavior [ RunTime:0.005056s ]
INFO: [ view_parse ] --END-- [ RunTime:0.005095s ]
INFO: [ view_filter ] --START--
INFO: Run Behavior\WriteHtmlCacheBehavior [ RunTime:0.000285s ]
INFO: [ view_filter ] --END-- [ RunTime:0.000311s ]

[ 2018-03-14T11:23:30+08:00 ] ::1 /Grade_Serching_System/index.php/Admin/Index/checkLogin
INFO: [ app_init ] --START--
INFO: Run Behavior\BuildLiteBehavior [ RunTime:0.000010s ]
INFO: [ app_init ] --END-- [ RunTime:0.000045s ]
INFO: [ app_begin ] --START--
INFO: Run Behavior\ReadHtmlCacheBehavior [ RunTime:0.000478s ]
INFO: [ app_begin ] --END-- [ RunTime:0.000515s ]
SQL: SHOW COLUMNS FROM `think_student` [ RunTime:0.0140s ]
SQL: SELECT * FROM `think_student` WHERE `StuNo` = '1' AND `Pwd` = '1' LIMIT 1   [ RunTime:0.0003s ]
NOTIC: [8] Undefined index: Pwd D:\phpStudy\WWW\Grade_Serching_System\Application\Admin\Controller\IndexController.class.php 第 38 行.
INFO: [ view_parse ] --START--
INFO: [ template_filter ] --START--
INFO: Run Behavior\ContentReplaceBehavior [ RunTime:0.000029s ]
INFO: [ template_filter ] --END-- [ RunTime:0.000061s ]
INFO: Run Behavior\ParseTemplateBehavior [ RunTime:0.004401s ]
INFO: [ view_parse ] --END-- [ RunTime:0.004442s ]
INFO: [ view_filter ] --START--
INFO: Run Behavior\WriteHtmlCacheBehavior [ RunTime:0.000273s ]
INFO: [ view_filter ] --END-- [ RunTime:0.000299s ]

[ 2018-03-14T11:25:30+08:00 ] ::1 /Grade_Serching_System/index.php/Admin/Index/checkLogin
INFO: [ app_init ] --START--
INFO: Run Behavior\BuildLiteBehavior [ RunTime:0.000010s ]
INFO: [ app_init ] --END-- [ RunTime:0.000051s ]
INFO: [ app_begin ] --START--
INFO: Run Behavior\ReadHtmlCacheBehavior [ RunTime:0.000688s ]
INFO: [ app_begin ] --END-- [ RunTime:0.000727s ]
ERR: Think\Controller:_post方法不存在！

[ 2018-03-14T11:26:30+08:00 ] ::1 /Grade_Serching_System/index.php/Admin/Index/checkLogin
INFO: [ app_init ] --START--
INFO: Run Behavior\BuildLiteBehavior [ RunTime:0.000010s ]
INFO: [ app_init ] --END-- [ RunTime:0.000047s ]
INFO: [ app_begin ] --START--
INFO: Run Behavior\ReadHtmlCacheBehavior [ RunTime:0.000749s ]
INFO: [ app_begin ] --END-- [ RunTime:0.000788s ]
SQL: SHOW COLUMNS FROM `think_student` [ RunTime:0.0049s ]
SQL: SELECT * FROM `think_student` WHERE `StuNo` = '1' AND `Pwd` = '1' LIMIT 1   [ RunTime:0.0003s ]
NOTIC: [8] Undefined index: Pwd D:\phpStudy\WWW\Grade_Serching_System\Application\Admin\Controller\IndexController.class.php 第 38 行.
INFO: [ view_parse ] --START--
INFO: [ template_filter ] --START--
INFO: Run Behavior\ContentReplaceBehavior [ RunTime:0.000029s ]
INFO: [ template_filter ] --END-- [ RunTime:0.000061s ]
INFO: Run Behavior\ParseTemplateBehavior [ RunTime:0.005262s ]
INFO: [ view_parse ] --END-- [ RunTime:0.005298s ]
INFO: [ view_filter ] --START--
INFO: Run Behavior\WriteHtmlCacheBehavior [ RunTime:0.000421s ]
INFO: [ view_filter ] --END-- [ RunTime:0.000450s ]

[ 2018-03-14T11:26:38+08:00 ] ::1 /Grade_Serching_System/index.php/Admin/Index/checkLogin
INFO: [ app_init ] --START--
INFO: Run Behavior\BuildLiteBehavior [ RunTime:0.000010s ]
INFO: [ app_init ] --END-- [ RunTime:0.000044s ]
INFO: [ app_begin ] --START--
INFO: Run Behavior\ReadHtmlCacheBehavior [ RunTime:0.000475s ]
INFO: [ app_begin ] --END-- [ RunTime:0.000511s ]
SQL: SHOW COLUMNS FROM `think_teacher` [ RunTime:0.0048s ]
SQL: SELECT * FROM `think_teacher` WHERE `TeaNo` = '2' AND `Pwd` = '2' LIMIT 1   [ RunTime:0.0004s ]
NOTIC: [8] Undefined index: ClassNo D:\phpStudy\WWW\Grade_Serching_System\Application\Admin\Controller\IndexController.class.php 第 69 行.
SQL: SHOW COLUMNS FROM `think_class` [ RunTime:0.0050s ]
SQL: SELECT * FROM `think_class` WHERE `ClassNo` = null LIMIT 1   [ RunTime:0.0003s ]
NOTIC: [8] Undefined index: teacher D:\phpStudy\WWW\Grade_Serching_System\Application\Admin\Controller\IndexController.class.php 第 72 行.
NOTIC: [8] Undefined index: TeaNo D:\phpStudy\WWW\Grade_Serching_System\Application\Admin\Controller\IndexController.class.php 第 73 行.
NOTIC: [8] Undefined index: TeaName D:\phpStudy\WWW\Grade_Serching_System\Application\Admin\Controller\IndexController.class.php 第 74 行.
NOTIC: [8] Undefined index: ClassNo D:\phpStudy\WWW\Grade_Serching_System\Application\Admin\Controller\IndexController.class.php 第 75 行.
NOTIC: [8] Undefined index: Pwd D:\phpStudy\WWW\Grade_Serching_System\Application\Admin\Controller\IndexController.class.php 第 77 行.
NOTIC: [8] Undefined index: Sex D:\phpStudy\WWW\Grade_Serching_System\Application\Admin\Controller\IndexController.class.php 第 78 行.
NOTIC: [8] Undefined index: Introduction D:\phpStudy\WWW\Grade_Serching_System\Application\Admin\Controller\IndexController.class.php 第 79 行.
INFO: [ view_parse ] --START--
INFO: [ template_filter ] --START--
INFO: Run Behavior\ContentReplaceBehavior [ RunTime:0.000029s ]
INFO: [ template_filter ] --END-- [ RunTime:0.000065s ]
INFO: Run Behavior\ParseTemplateBehavior [ RunTime:0.004588s ]
INFO: [ view_parse ] --END-- [ RunTime:0.004639s ]
INFO: [ view_filter ] --START--
INFO: Run Behavior\WriteHtmlCacheBehavior [ RunTime:0.000441s ]
INFO: [ view_filter ] --END-- [ RunTime:0.000478s ]
INFO: [ app_end ] --START--
INFO: Run Behavior\ShowPageTraceBehavior [ RunTime:0.001071s ]
INFO: [ app_end ] --END-- [ RunTime:0.001127s ]

[ 2018-03-14T11:26:39+08:00 ] ::1 /Grade_Serching_System/index.php/Admin/Teacher/index.html
INFO: [ app_init ] --START--
INFO: Run Behavior\BuildLiteBehavior [ RunTime:0.000009s ]
INFO: [ app_init ] --END-- [ RunTime:0.000044s ]
INFO: [ app_begin ] --START--
INFO: Run Behavior\ReadHtmlCacheBehavior [ RunTime:0.000483s ]
INFO: [ app_begin ] --END-- [ RunTime:0.000521s ]
ERR: 无法加载控制器:Teacher

[ 2018-03-14T11:27:11+08:00 ] ::1 /Grade_Serching_System/index.php/Admin/Teacher/index.html
INFO: [ app_init ] --START--
INFO: Run Behavior\BuildLiteBehavior [ RunTime:0.000009s ]
INFO: [ app_init ] --END-- [ RunTime:0.000045s ]
INFO: [ app_begin ] --START--
INFO: Run Behavior\ReadHtmlCacheBehavior [ RunTime:0.000486s ]
INFO: [ app_begin ] --END-- [ RunTime:0.000524s ]
ERR: 无法加载控制器:Teacher

[ 2018-03-14T11:27:14+08:00 ] ::1 /Grade_Serching_System/index.php/Admin/Index/checkLogin
INFO: [ app_init ] --START--
INFO: Run Behavior\BuildLiteBehavior [ RunTime:0.000009s ]
INFO: [ app_init ] --END-- [ RunTime:0.000044s ]
INFO: [ app_begin ] --START--
INFO: Run Behavior\ReadHtmlCacheBehavior [ RunTime:0.000525s ]
INFO: [ app_begin ] --END-- [ RunTime:0.000562s ]
SQL: SHOW COLUMNS FROM `think_teacher` [ RunTime:0.0062s ]
SQL: SELECT * FROM `think_teacher` WHERE `TeaNo` = '2' AND `Pwd` = '2' LIMIT 1   [ RunTime:0.0003s ]
NOTIC: [8] Undefined index: ClassNo D:\phpStudy\WWW\Grade_Serching_System\Application\Admin\Controller\IndexController.class.php 第 69 行.
SQL: SHOW COLUMNS FROM `think_class` [ RunTime:0.0045s ]
SQL: SELECT * FROM `think_class` WHERE `ClassNo` = null LIMIT 1   [ RunTime:0.0002s ]
NOTIC: [8] Undefined index: teacher D:\phpStudy\WWW\Grade_Serching_System\Application\Admin\Controller\IndexController.class.php 第 72 行.
NOTIC: [8] Undefined index: TeaNo D:\phpStudy\WWW\Grade_Serching_System\Application\Admin\Controller\IndexController.class.php 第 73 行.
NOTIC: [8] Undefined index: TeaName D:\phpStudy\WWW\Grade_Serching_System\Application\Admin\Controller\IndexController.class.php 第 74 行.
NOTIC: [8] Undefined index: ClassNo D:\phpStudy\WWW\Grade_Serching_System\Application\Admin\Controller\IndexController.class.php 第 75 行.
NOTIC: [8] Undefined index: Pwd D:\phpStudy\WWW\Grade_Serching_System\Application\Admin\Controller\IndexController.class.php 第 77 行.
NOTIC: [8] Undefined index: Sex D:\phpStudy\WWW\Grade_Serching_System\Application\Admin\Controller\IndexController.class.php 第 78 行.
NOTIC: [8] Undefined index: Introduction D:\phpStudy\WWW\Grade_Serching_System\Application\Admin\Controller\IndexController.class.php 第 79 行.
INFO: [ view_parse ] --START--
INFO: [ template_filter ] --START--
INFO: Run Behavior\ContentReplaceBehavior [ RunTime:0.000029s ]
INFO: [ template_filter ] --END-- [ RunTime:0.000063s ]
INFO: Run Behavior\ParseTemplateBehavior [ RunTime:0.004519s ]
INFO: [ view_parse ] --END-- [ RunTime:0.004568s ]
INFO: [ view_filter ] --START--
INFO: Run Behavior\WriteHtmlCacheBehavior [ RunTime:0.000406s ]
INFO: [ view_filter ] --END-- [ RunTime:0.000450s ]
INFO: [ app_end ] --START--
INFO: Run Behavior\ShowPageTraceBehavior [ RunTime:0.000861s ]
INFO: [ app_end ] --END-- [ RunTime:0.000902s ]

[ 2018-03-14T11:27:29+08:00 ] ::1 /Grade_Serching_System/index.php/Admin/Index/checkLogin
INFO: [ app_init ] --START--
INFO: Run Behavior\BuildLiteBehavior [ RunTime:0.000010s ]
INFO: [ app_init ] --END-- [ RunTime:0.000052s ]
INFO: [ app_begin ] --START--
INFO: Run Behavior\ReadHtmlCacheBehavior [ RunTime:0.000492s ]
INFO: [ app_begin ] --END-- [ RunTime:0.000529s ]
SQL: SHOW COLUMNS FROM `think_teacher` [ RunTime:0.0075s ]
SQL: SELECT * FROM `think_teacher` WHERE `TeaNo` = '2' AND `Pwd` = '2' LIMIT 1   [ RunTime:0.0003s ]
NOTIC: [8] Undefined index: ClassNo D:\phpStudy\WWW\Grade_Serching_System\Application\Admin\Controller\IndexController.class.php 第 69 行.
SQL: SHOW COLUMNS FROM `think_class` [ RunTime:0.0047s ]
SQL: SELECT * FROM `think_class` WHERE `ClassNo` = null LIMIT 1   [ RunTime:0.0003s ]
NOTIC: [8] Undefined index: teacher D:\phpStudy\WWW\Grade_Serching_System\Application\Admin\Controller\IndexController.class.php 第 72 行.
NOTIC: [8] Undefined index: TeaNo D:\phpStudy\WWW\Grade_Serching_System\Application\Admin\Controller\IndexController.class.php 第 73 行.
NOTIC: [8] Undefined index: TeaName D:\phpStudy\WWW\Grade_Serching_System\Application\Admin\Controller\IndexController.class.php 第 74 行.
NOTIC: [8] Undefined index: ClassNo D:\phpStudy\WWW\Grade_Serching_System\Application\Admin\Controller\IndexController.class.php 第 75 行.
NOTIC: [8] Undefined index: Pwd D:\phpStudy\WWW\Grade_Serching_System\Application\Admin\Controller\IndexController.class.php 第 77 行.
NOTIC: [8] Undefined index: Sex D:\phpStudy\WWW\Grade_Serching_System\Application\Admin\Controller\IndexController.class.php 第 78 行.
NOTIC: [8] Undefined index: Introduction D:\phpStudy\WWW\Grade_Serching_System\Application\Admin\Controller\IndexController.class.php 第 79 行.
INFO: [ view_parse ] --START--
INFO: [ template_filter ] --START--
INFO: Run Behavior\ContentReplaceBehavior [ RunTime:0.000028s ]
INFO: [ template_filter ] --END-- [ RunTime:0.000062s ]
INFO: Run Behavior\ParseTemplateBehavior [ RunTime:0.004478s ]
INFO: [ view_parse ] --END-- [ RunTime:0.004522s ]
INFO: [ view_filter ] --START--
INFO: Run Behavior\WriteHtmlCacheBehavior [ RunTime:0.000302s ]
INFO: [ view_filter ] --END-- [ RunTime:0.000329s ]
INFO: [ app_end ] --START--
INFO: Run Behavior\ShowPageTraceBehavior [ RunTime:0.000481s ]
INFO: [ app_end ] --END-- [ RunTime:0.000511s ]

[ 2018-03-14T11:27:30+08:00 ] ::1 /Grade_Serching_System/index.php/Admin/View/Teacher/index.html
INFO: [ app_init ] --START--
INFO: Run Behavior\BuildLiteBehavior [ RunTime:0.000009s ]
INFO: [ app_init ] --END-- [ RunTime:0.000043s ]
INFO: [ app_begin ] --START--
INFO: Run Behavior\ReadHtmlCacheBehavior [ RunTime:0.000476s ]
INFO: [ app_begin ] --END-- [ RunTime:0.000512s ]
ERR: 无法加载控制器:View

[ 2018-03-14T11:28:07+08:00 ] ::1 /Grade_Serching_System/index.php/Admin/Index/checkLogin
INFO: [ app_init ] --START--
INFO: Run Behavior\BuildLiteBehavior [ RunTime:0.000009s ]
INFO: [ app_init ] --END-- [ RunTime:0.000044s ]
INFO: [ app_begin ] --START--
INFO: Run Behavior\ReadHtmlCacheBehavior [ RunTime:0.000617s ]
INFO: [ app_begin ] --END-- [ RunTime:0.000690s ]
SQL: SHOW COLUMNS FROM `think_teacher` [ RunTime:0.0132s ]
SQL: SELECT * FROM `think_teacher` WHERE `TeaNo` = '2' AND `Pwd` = '2' LIMIT 1   [ RunTime:0.0003s ]
NOTIC: [8] Undefined index: ClassNo D:\phpStudy\WWW\Grade_Serching_System\Application\Admin\Controller\IndexController.class.php 第 69 行.
SQL: SHOW COLUMNS FROM `think_class` [ RunTime:0.0047s ]
SQL: SELECT * FROM `think_class` WHERE `ClassNo` = null LIMIT 1   [ RunTime:0.0002s ]
NOTIC: [8] Undefined index: teacher D:\phpStudy\WWW\Grade_Serching_System\Application\Admin\Controller\IndexController.class.php 第 72 行.
NOTIC: [8] Undefined index: TeaNo D:\phpStudy\WWW\Grade_Serching_System\Application\Admin\Controller\IndexController.class.php 第 73 行.
NOTIC: [8] Undefined index: TeaName D:\phpStudy\WWW\Grade_Serching_System\Application\Admin\Controller\IndexController.class.php 第 74 行.
NOTIC: [8] Undefined index: ClassNo D:\phpStudy\WWW\Grade_Serching_System\Application\Admin\Controller\IndexController.class.php 第 75 行.
NOTIC: [8] Undefined index: Pwd D:\phpStudy\WWW\Grade_Serching_System\Application\Admin\Controller\IndexController.class.php 第 77 行.
NOTIC: [8] Undefined index: Sex D:\phpStudy\WWW\Grade_Serching_System\Application\Admin\Controller\IndexController.class.php 第 78 行.
NOTIC: [8] Undefined index: Introduction D:\phpStudy\WWW\Grade_Serching_System\Application\Admin\Controller\IndexController.class.php 第 79 行.
INFO: [ view_parse ] --START--
INFO: [ template_filter ] --START--
INFO: Run Behavior\ContentReplaceBehavior [ RunTime:0.000029s ]
INFO: [ template_filter ] --END-- [ RunTime:0.000069s ]
INFO: Run Behavior\ParseTemplateBehavior [ RunTime:0.004899s ]
INFO: [ view_parse ] --END-- [ RunTime:0.004945s ]
INFO: [ view_filter ] --START--
INFO: Run Behavior\WriteHtmlCacheBehavior [ RunTime:0.000280s ]
INFO: [ view_filter ] --END-- [ RunTime:0.000305s ]
INFO: [ app_end ] --START--
INFO: Run Behavior\ShowPageTraceBehavior [ RunTime:0.000482s ]
INFO: [ app_end ] --END-- [ RunTime:0.000512s ]

[ 2018-03-14T11:29:07+08:00 ] ::1 /Grade_Serching_System/index.php/Admin/Index/checkLogin
INFO: [ app_init ] --START--
INFO: Run Behavior\BuildLiteBehavior [ RunTime:0.000009s ]
INFO: [ app_init ] --END-- [ RunTime:0.000044s ]
INFO: [ app_begin ] --START--
INFO: Run Behavior\ReadHtmlCacheBehavior [ RunTime:0.000685s ]
INFO: [ app_begin ] --END-- [ RunTime:0.000723s ]
SQL: SHOW COLUMNS FROM `think_teacher` [ RunTime:0.0127s ]
SQL: SELECT * FROM `think_teacher` WHERE `TeaNo` = '2' AND `Pwd` = '2' LIMIT 1   [ RunTime:0.0003s ]
NOTIC: [8] Undefined index: Pwd D:\phpStudy\WWW\Grade_Serching_System\Application\Admin\Controller\IndexController.class.php 第 66 行.
INFO: [ view_parse ] --START--
INFO: [ template_filter ] --START--
INFO: Run Behavior\ContentReplaceBehavior [ RunTime:0.000031s ]
INFO: [ template_filter ] --END-- [ RunTime:0.000065s ]
INFO: Run Behavior\ParseTemplateBehavior [ RunTime:0.005296s ]
INFO: [ view_parse ] --END-- [ RunTime:0.005341s ]
INFO: [ view_filter ] --START--
INFO: Run Behavior\WriteHtmlCacheBehavior [ RunTime:0.000424s ]
INFO: [ view_filter ] --END-- [ RunTime:0.000452s ]

[ 2018-03-14T11:38:28+08:00 ] ::1 /Grade_Serching_System/
INFO: [ app_init ] --START--
INFO: Run Behavior\BuildLiteBehavior [ RunTime:0.000010s ]
INFO: [ app_init ] --END-- [ RunTime:0.000048s ]
INFO: [ app_begin ] --START--
INFO: Run Behavior\ReadHtmlCacheBehavior [ RunTime:0.000717s ]
INFO: [ app_begin ] --END-- [ RunTime:0.000755s ]
INFO: [ view_parse ] --START--
INFO: [ template_filter ] --START--
INFO: Run Behavior\ContentReplaceBehavior [ RunTime:0.000031s ]
INFO: [ template_filter ] --END-- [ RunTime:0.000070s ]
INFO: Run Behavior\ParseTemplateBehavior [ RunTime:0.006900s ]
INFO: [ view_parse ] --END-- [ RunTime:0.006976s ]
INFO: [ view_filter ] --START--
INFO: Run Behavior\WriteHtmlCacheBehavior [ RunTime:0.000466s ]
INFO: [ view_filter ] --END-- [ RunTime:0.000493s ]
INFO: [ app_end ] --START--
INFO: Run Behavior\ShowPageTraceBehavior [ RunTime:0.000624s ]
INFO: [ app_end ] --END-- [ RunTime:0.000654s ]

[ 2018-03-14T11:38:34+08:00 ] ::1 /Grade_Serching_System/index.php/Admin/Index/checkLogin
INFO: [ app_init ] --START--
INFO: Run Behavior\BuildLiteBehavior [ RunTime:0.000010s ]
INFO: [ app_init ] --END-- [ RunTime:0.000046s ]
INFO: [ app_begin ] --START--
INFO: Run Behavior\ReadHtmlCacheBehavior [ RunTime:0.000745s ]
INFO: [ app_begin ] --END-- [ RunTime:0.000783s ]
SQL: SHOW COLUMNS FROM `think_teacher` [ RunTime:0.0050s ]
SQL: SELECT * FROM `think_teacher`  [ RunTime:0.0003s ]
INFO: [ view_parse ] --START--
INFO: [ template_filter ] --START--
INFO: Run Behavior\ContentReplaceBehavior [ RunTime:0.000029s ]
INFO: [ template_filter ] --END-- [ RunTime:0.000064s ]
INFO: Run Behavior\ParseTemplateBehavior [ RunTime:0.005394s ]
INFO: [ view_parse ] --END-- [ RunTime:0.005432s ]
INFO: [ view_filter ] --START--
INFO: Run Behavior\WriteHtmlCacheBehavior [ RunTime:0.000422s ]
INFO: [ view_filter ] --END-- [ RunTime:0.000449s ]
INFO: [ app_end ] --START--
INFO: Run Behavior\ShowPageTraceBehavior [ RunTime:0.000626s ]
INFO: [ app_end ] --END-- [ RunTime:0.000655s ]

[ 2018-03-14T11:39:29+08:00 ] ::1 /Grade_Serching_System/index.php
INFO: [ app_init ] --START--
INFO: Run Behavior\BuildLiteBehavior [ RunTime:0.000010s ]
INFO: [ app_init ] --END-- [ RunTime:0.000046s ]
INFO: [ app_begin ] --START--
INFO: Run Behavior\ReadHtmlCacheBehavior [ RunTime:0.000670s ]
INFO: [ app_begin ] --END-- [ RunTime:0.000708s ]
INFO: [ view_parse ] --START--
INFO: [ template_filter ] --START--
INFO: Run Behavior\ContentReplaceBehavior [ RunTime:0.000029s ]
INFO: [ template_filter ] --END-- [ RunTime:0.000063s ]
INFO: Run Behavior\ParseTemplateBehavior [ RunTime:0.005209s ]
INFO: [ view_parse ] --END-- [ RunTime:0.005246s ]
INFO: [ view_filter ] --START--
INFO: Run Behavior\WriteHtmlCacheBehavior [ RunTime:0.000403s ]
INFO: [ view_filter ] --END-- [ RunTime:0.000431s ]
INFO: [ app_end ] --START--
INFO: Run Behavior\ShowPageTraceBehavior [ RunTime:0.000636s ]
INFO: [ app_end ] --END-- [ RunTime:0.000666s ]

[ 2018-03-14T11:41:40+08:00 ] ::1 /Grade_Serching_System/index.php/Admin/Index/checkLogin
INFO: [ app_init ] --START--
INFO: Run Behavior\BuildLiteBehavior [ RunTime:0.000009s ]
INFO: [ app_init ] --END-- [ RunTime:0.000044s ]
INFO: [ app_begin ] --START--
INFO: Run Behavior\ReadHtmlCacheBehavior [ RunTime:0.000675s ]
INFO: [ app_begin ] --END-- [ RunTime:0.000713s ]

[ 2018-03-14T11:44:01+08:00 ] ::1 /Grade_Serching_System/index.php/Admin/Index/checkLogin
INFO: [ app_init ] --START--
INFO: Run Behavior\BuildLiteBehavior [ RunTime:0.000010s ]
INFO: [ app_init ] --END-- [ RunTime:0.000048s ]
INFO: [ app_begin ] --START--
INFO: Run Behavior\ReadHtmlCacheBehavior [ RunTime:0.000678s ]
INFO: [ app_begin ] --END-- [ RunTime:0.000716s ]
SQL: SHOW COLUMNS FROM `think_manager` [ RunTime:0.0050s ]
SQL: SELECT * FROM `think_manager`  [ RunTime:0.0003s ]
INFO: [ view_parse ] --START--
INFO: [ template_filter ] --START--
INFO: Run Behavior\ContentReplaceBehavior [ RunTime:0.000029s ]
INFO: [ template_filter ] --END-- [ RunTime:0.000064s ]
INFO: Run Behavior\ParseTemplateBehavior [ RunTime:0.005252s ]
INFO: [ view_parse ] --END-- [ RunTime:0.005290s ]
INFO: [ view_filter ] --START--
INFO: Run Behavior\WriteHtmlCacheBehavior [ RunTime:0.000416s ]
INFO: [ view_filter ] --END-- [ RunTime:0.000443s ]
INFO: [ app_end ] --START--
INFO: Run Behavior\ShowPageTraceBehavior [ RunTime:0.000629s ]
INFO: [ app_end ] --END-- [ RunTime:0.000658s ]

[ 2018-03-14T11:44:42+08:00 ] ::1 /Grade_Serching_System/index.php/Admin/Index/checkLogin
INFO: [ app_init ] --START--
INFO: Run Behavior\BuildLiteBehavior [ RunTime:0.000010s ]
INFO: [ app_init ] --END-- [ RunTime:0.000044s ]
INFO: [ app_begin ] --START--
INFO: Run Behavior\ReadHtmlCacheBehavior [ RunTime:0.000710s ]
INFO: [ app_begin ] --END-- [ RunTime:0.000752s ]
SQL: SHOW COLUMNS FROM `think_student` [ RunTime:0.0054s ]
SQL: SELECT * FROM `think_student`  [ RunTime:0.0004s ]
INFO: [ view_parse ] --START--
INFO: [ template_filter ] --START--
INFO: Run Behavior\ContentReplaceBehavior [ RunTime:0.000028s ]
INFO: [ template_filter ] --END-- [ RunTime:0.000061s ]
INFO: Run Behavior\ParseTemplateBehavior [ RunTime:0.005241s ]
INFO: [ view_parse ] --END-- [ RunTime:0.005277s ]
INFO: [ view_filter ] --START--
INFO: Run Behavior\WriteHtmlCacheBehavior [ RunTime:0.000410s ]
INFO: [ view_filter ] --END-- [ RunTime:0.000438s ]
INFO: [ app_end ] --START--
INFO: Run Behavior\ShowPageTraceBehavior [ RunTime:0.000611s ]
INFO: [ app_end ] --END-- [ RunTime:0.000641s ]

[ 2018-03-14T11:45:06+08:00 ] ::1 /Grade_Serching_System/index.php/Admin/Index/checkLogin
INFO: [ app_init ] --START--
INFO: Run Behavior\BuildLiteBehavior [ RunTime:0.000010s ]
INFO: [ app_init ] --END-- [ RunTime:0.000048s ]
INFO: [ app_begin ] --START--
INFO: Run Behavior\ReadHtmlCacheBehavior [ RunTime:0.000482s ]
INFO: [ app_begin ] --END-- [ RunTime:0.000520s ]
SQL: SHOW COLUMNS FROM `think_student` [ RunTime:0.0049s ]
SQL: SELECT * FROM `think_student`  [ RunTime:0.0004s ]
INFO: [ view_parse ] --START--
INFO: [ template_filter ] --START--
INFO: Run Behavior\ContentReplaceBehavior [ RunTime:0.000030s ]
INFO: [ template_filter ] --END-- [ RunTime:0.000066s ]
INFO: Run Behavior\ParseTemplateBehavior [ RunTime:0.004416s ]
INFO: [ view_parse ] --END-- [ RunTime:0.004457s ]
INFO: [ view_filter ] --START--
INFO: Run Behavior\WriteHtmlCacheBehavior [ RunTime:0.000307s ]
INFO: [ view_filter ] --END-- [ RunTime:0.000333s ]
INFO: [ app_end ] --START--
INFO: Run Behavior\ShowPageTraceBehavior [ RunTime:0.000482s ]
INFO: [ app_end ] --END-- [ RunTime:0.000512s ]

[ 2018-03-14T15:09:02+08:00 ] ::1 /Grade_Serching_System/
INFO: [ app_init ] --START--
INFO: Run Behavior\BuildLiteBehavior [ RunTime:0.000010s ]
INFO: [ app_init ] --END-- [ RunTime:0.000048s ]
INFO: [ app_begin ] --START--
INFO: Run Behavior\ReadHtmlCacheBehavior [ RunTime:0.000696s ]
INFO: [ app_begin ] --END-- [ RunTime:0.000733s ]
INFO: [ view_parse ] --START--
INFO: [ template_filter ] --START--
INFO: Run Behavior\ContentReplaceBehavior [ RunTime:0.000030s ]
INFO: [ template_filter ] --END-- [ RunTime:0.000067s ]
INFO: Run Behavior\ParseTemplateBehavior [ RunTime:0.006748s ]
INFO: [ view_parse ] --END-- [ RunTime:0.006790s ]
INFO: [ view_filter ] --START--
INFO: Run Behavior\WriteHtmlCacheBehavior [ RunTime:0.000536s ]
INFO: [ view_filter ] --END-- [ RunTime:0.000562s ]
INFO: [ app_end ] --START--
INFO: Run Behavior\ShowPageTraceBehavior [ RunTime:0.000745s ]
INFO: [ app_end ] --END-- [ RunTime:0.000777s ]

[ 2018-03-14T15:09:05+08:00 ] ::1 /Grade_Serching_System/index.php/Admin/Index/checkLogin
INFO: [ app_init ] --START--
INFO: Run Behavior\BuildLiteBehavior [ RunTime:0.000010s ]
INFO: [ app_init ] --END-- [ RunTime:0.000043s ]
INFO: [ app_begin ] --START--
INFO: Run Behavior\ReadHtmlCacheBehavior [ RunTime:0.000472s ]
INFO: [ app_begin ] --END-- [ RunTime:0.000512s ]
SQL: SHOW COLUMNS FROM `think_student` [ RunTime:0.0057s ]
SQL: SELECT * FROM `think_student`  [ RunTime:0.0004s ]
INFO: [ view_parse ] --START--
INFO: [ template_filter ] --START--
INFO: Run Behavior\ContentReplaceBehavior [ RunTime:0.000029s ]
INFO: [ template_filter ] --END-- [ RunTime:0.000068s ]
INFO: Run Behavior\ParseTemplateBehavior [ RunTime:0.006324s ]
INFO: [ view_parse ] --END-- [ RunTime:0.006362s ]
INFO: [ view_filter ] --START--
INFO: Run Behavior\WriteHtmlCacheBehavior [ RunTime:0.000532s ]
INFO: [ view_filter ] --END-- [ RunTime:0.000560s ]
INFO: [ app_end ] --START--
INFO: Run Behavior\ShowPageTraceBehavior [ RunTime:0.000735s ]
INFO: [ app_end ] --END-- [ RunTime:0.000765s ]

